<component name="libraryTable">
  <library name="junit-4.12 (2)">
    <CLASSES>
      <root url="jar://$PROJECT_DIR$/CryptoP2P/src/be/pxl/lib/junit-4.12.jar!/" />
    </CLASSES>
    <JAVADOC />
    <SOURCES />
  </library>
</component>